###############################################################################
#
# IAR ANSI C/C++ Compiler V7.50.1.10123/W32 for ARM       18/Dec/2017  15:16:23
# Copyright 1999-2015 IAR Systems AB.
#
#    Cpu mode     =  thumb
#    Endian       =  little
#    Source file  =  
#        F:\iar\NC136B-320 IC卡模块\Software\APP\Tasks\app_task_osal_tmr.c
#    Command line =  
#        "F:\iar\NC136B-320 IC卡模块\Software\APP\Tasks\app_task_osal_tmr.c"
#        -lCN "F:\iar\NC136B-320
#        IC卡模块\Software\EvalBoards\NXP\LPC1768-SK\uCOS-III\IAR\FLASH\List"
#        --diag_suppress Pa050 -o "F:\iar\NC136B-320
#        IC卡模块\Software\EvalBoards\NXP\LPC1768-SK\uCOS-III\IAR\FLASH\Obj"
#        --no_cse --no_unroll --no_inline --no_code_motion --no_tbaa
#        --no_clustering --no_scheduling --debug --endian=little
#        --cpu=Cortex-M3 -e --fpu=None --dlib_config "C:\Program Files
#        (x86)\IAR Systems\Embedded Workbench
#        7.3\arm\INC\c\DLib_Config_Normal.h" -I "F:\iar\NC136B-320
#        IC卡模块\Software\EvalBoards\NXP\LPC1768-SK\uCOS-III\IAR\" -I
#        "F:\iar\NC136B-320
#        IC卡模块\Software\EvalBoards\NXP\LPC1768-SK\uCOS-III\IAR\..\..\uCOS-III\"
#        -I "F:\iar\NC136B-320
#        IC卡模块\Software\EvalBoards\NXP\LPC1768-SK\uCOS-III\IAR\..\..\BSP\"
#        -I "F:\iar\NC136B-320
#        IC卡模块\Software\EvalBoards\NXP\LPC1768-SK\uCOS-III\IAR\..\..\BSP\IAR\"
#        -I "F:\iar\NC136B-320
#        IC卡模块\Software\EvalBoards\NXP\LPC1768-SK\uCOS-III\IAR\..\..\BSP\OS\uCOS-III\"
#        -I "F:\iar\NC136B-320
#        IC卡模块\Software\EvalBoards\NXP\LPC1768-SK\uCOS-III\IAR\..\..\..\..\..\uC-CSP\MCU\"
#        -I "F:\iar\NC136B-320
#        IC卡模块\Software\EvalBoards\NXP\LPC1768-SK\uCOS-III\IAR\..\..\..\..\..\uC-CSP\MCU\NXP\LPC17xx\LPC1768\"
#        -I "F:\iar\NC136B-320
#        IC卡模块\Software\EvalBoards\NXP\LPC1768-SK\uCOS-III\IAR\..\..\..\..\..\uC-CSP\MCU\NXP\LPC17xx\"
#        -I "F:\iar\NC136B-320
#        IC卡模块\Software\EvalBoards\NXP\LPC1768-SK\uCOS-III\IAR\..\..\..\..\..\uCOS-III\Ports\ARM-Cortex-M3\Generic\IAR\"
#        -I "F:\iar\NC136B-320
#        IC卡模块\Software\EvalBoards\NXP\LPC1768-SK\uCOS-III\IAR\..\..\..\..\..\uCOS-III\Ports\ARM-Cortex-M3\CSP\"
#        -I "F:\iar\NC136B-320
#        IC卡模块\Software\EvalBoards\NXP\LPC1768-SK\uCOS-III\IAR\..\..\..\..\..\uCOS-III\Source\"
#        -I "F:\iar\NC136B-320
#        IC卡模块\Software\EvalBoards\NXP\LPC1768-SK\uCOS-III\IAR\..\..\..\..\..\uC-LIB\"
#        -I "F:\iar\NC136B-320
#        IC卡模块\Software\EvalBoards\NXP\LPC1768-SK\uCOS-III\IAR\..\..\..\..\..\uC-CPU\"
#        -I "F:\iar\NC136B-320
#        IC卡模块\Software\EvalBoards\NXP\LPC1768-SK\uCOS-III\IAR\..\..\..\..\..\uC-CPU\ARM-Cortex-M3\IAR\"
#        -I "F:\iar\NC136B-320
#        IC卡模块\Software\EvalBoards\NXP\LPC1768-SK\uCOS-III\IAR\..\..\..\..\..\uC-MB\Source\"
#        -I "F:\iar\NC136B-320
#        IC卡模块\Software\EvalBoards\NXP\LPC1768-SK\uCOS-III\IAR\..\..\..\..\..\uC-MB\Cfg\Template\"
#        -I "F:\iar\NC136B-320
#        IC卡模块\Software\EvalBoards\NXP\LPC1768-SK\uCOS-III\IAR\..\..\..\..\..\uC-MB\Os\uCOS-III\"
#        -I "F:\iar\NC136B-320
#        IC卡模块\Software\EvalBoards\NXP\LPC1768-SK\uCOS-III\IAR\..\..\..\..\..\OSAL\OS\"
#        -I "F:\iar\NC136B-320
#        IC卡模块\Software\EvalBoards\NXP\LPC1768-SK\uCOS-III\IAR\..\..\..\..\..\OSAL\Ports\"
#        -I "F:\iar\NC136B-320
#        IC卡模块\Software\EvalBoards\NXP\LPC1768-SK\uCOS-III\IAR\..\..\..\..\..\APP\User\"
#        -I "F:\iar\NC136B-320
#        IC卡模块\Software\EvalBoards\NXP\LPC1768-SK\uCOS-III\IAR\..\..\..\..\..\APP\Iap\"
#        -I "F:\iar\NC136B-320
#        IC卡模块\Software\EvalBoards\NXP\LPC1768-SK\uCOS-III\IAR\..\..\..\..\..\APP\Protocol\"
#        -I "F:\iar\NC136B-320
#        IC卡模块\Software\EvalBoards\NXP\LPC1768-SK\uCOS-III\IAR\..\..\..\..\..\APP\Tasks\"
#        -I "F:\iar\NC136B-320
#        IC卡模块\Software\EvalBoards\NXP\LPC1768-SK\uCOS-III\IAR\..\..\..\..\..\APP\AES\"
#        -I "F:\iar\NC136B-320
#        IC卡模块\Software\EvalBoards\NXP\LPC1768-SK\uCOS-III\IAR\..\..\..\..\..\BSP\OS\OSAL\"
#        -I "F:\iar\NC136B-320
#        IC卡模块\Software\EvalBoards\NXP\LPC1768-SK\uCOS-III\IAR\..\..\..\..\..\CSB\include\"
#        -I "F:\iar\NC136B-320
#        IC卡模块\Software\EvalBoards\NXP\LPC1768-SK\uCOS-III\IAR\..\..\..\..\..\BSP\Driver\"
#        -I "F:\iar\NC136B-320
#        IC卡模块\Software\EvalBoards\NXP\LPC1768-SK\uCOS-III\IAR\..\..\..\..\..\..\Application\"
#        -I "F:\iar\NC136B-320
#        IC卡模块\Software\EvalBoards\NXP\LPC1768-SK\uCOS-III\IAR\..\..\..\..\..\..\Application\User\"
#        -I "F:\iar\NC136B-320
#        IC卡模块\Software\EvalBoards\NXP\LPC1768-SK\uCOS-III\IAR\..\..\..\..\..\..\Application\User\APP\"
#        -I "F:\iar\NC136B-320
#        IC卡模块\Software\EvalBoards\NXP\LPC1768-SK\uCOS-III\IAR\..\..\..\..\..\..\Application\User\APP\MX25L1602Drv\"
#        -I "F:\iar\NC136B-320
#        IC卡模块\Software\EvalBoards\NXP\LPC1768-SK\uCOS-III\IAR\..\..\..\..\..\..\Application\User\APP\OCM800600T80\"
#        -I "F:\iar\NC136B-320
#        IC卡模块\Software\EvalBoards\NXP\LPC1768-SK\uCOS-III\IAR\..\..\..\..\..\..\Application\User\BSP\"
#        -I "F:\iar\NC136B-320
#        IC卡模块\Software\EvalBoards\NXP\LPC1768-SK\uCOS-III\IAR\..\..\..\..\..\..\Application\Library\CardOperations\"
#        -I "F:\iar\NC136B-320
#        IC卡模块\Software\EvalBoards\NXP\LPC1768-SK\uCOS-III\IAR\..\..\..\..\..\..\Application\Library\DataDeal\"
#        -I "F:\iar\NC136B-320
#        IC卡模块\Software\EvalBoards\NXP\LPC1768-SK\uCOS-III\IAR\..\..\..\..\..\..\Application\Library\Driver\"
#        -I "F:\iar\NC136B-320
#        IC卡模块\Software\EvalBoards\NXP\LPC1768-SK\uCOS-III\IAR\..\..\..\..\..\..\Application\Library\EquipmentOperations\"
#        -I "F:\iar\NC136B-320
#        IC卡模块\Software\EvalBoards\NXP\LPC1768-SK\uCOS-III\IAR\..\..\..\..\..\..\Application\Library\Global\"
#        -I "F:\iar\NC136B-320
#        IC卡模块\Software\EvalBoards\NXP\LPC1768-SK\uCOS-III\IAR\..\..\..\..\..\..\Application\Library\MastConTask\"
#        -I "F:\iar\NC136B-320
#        IC卡模块\Software\EvalBoards\NXP\LPC1768-SK\uCOS-III\IAR\..\..\..\..\..\..\Application\Library\SlaveConTask\"
#        -I "F:\iar\NC136B-320
#        IC卡模块\Software\EvalBoards\NXP\LPC1768-SK\uCOS-III\IAR\..\..\..\..\..\..\Application\Library\SpeedTest\"
#        -On --use_c++_inline -I "C:\Program Files (x86)\IAR Systems\Embedded
#        Workbench 7.3\arm\CMSIS\Include\"
#    List file    =  
#        F:\iar\NC136B-320
#        IC卡模块\Software\EvalBoards\NXP\LPC1768-SK\uCOS-III\IAR\FLASH\List\app_task_osal_tmr.lst
#    Object file  =  
#        F:\iar\NC136B-320
#        IC卡模块\Software\EvalBoards\NXP\LPC1768-SK\uCOS-III\IAR\FLASH\Obj\app_task_osal_tmr.o
#
###############################################################################

F:\iar\NC136B-320 IC卡模块\Software\APP\Tasks\app_task_osal_tmr.c
      1          /*******************************************************************************
      2           *   Filename:       app_task_tmr.c
      3           *   Revised:        All copyrights reserved to wumingshen.
      4           *   Revision:       v1.0
      5           *   Writer:	     wumingshen.
      6           *
      7           *   Description:    双击选中 tmr 按 Ctrl + H, 钩选 Match the case, Replace with
      8           *                   输入您要的名字，点击 Replace All
      9           *                   双击选中 Tmr 按 Ctrl + H, 钩选 Match the case, Replace with
     10           *                   输入您要的名字，点击 Replace All
     11           *                   双击选中 TMR 按 Ctrl + H, 钩选 Match the case, Replace with
     12           *                   输入您要的名字，点击 Replace All
     13           *                   在 app_cfg.h 中指定本任务的 优先级  （ APP_TASK_TMR_PRIO ）
     14           *                                            和 任务堆栈（ APP_TASK_TMR_STK_SIZE ）大小
     15           *                   在 app.h 中声明本任务的     创建函数（ void  App_TaskTmrCreate(void) ）
     16           *                                            和 看门狗标志位 （ WDTFLAG_Tmr ）
     17           *
     18           *   Notes:
     19           *     				E-mail: shenchangwei945@163.com
     20           *
     21           *******************************************************************************/
     22          
     23          /*******************************************************************************
     24           * INCLUDES
     25           */
     26          #define  SNL_APP_SOURCE
     27          #include <includes.h>
     28          #include "DS3231.h"
     29          #include "app.h"
     30          #include "bsp_timer.h"
     31          #include "os_cfg_app.h"
     32          
     33          #ifdef VSC_INCLUDE_SOURCE_FILE_NAMES
     34          const  CPU_CHAR  *app_task_tmr__c = "$Id: $";
     35          #endif
     36          
     37          #define APP_TASK_TMR_EN     DEF_ENABLED
     38          #if APP_TASK_TMR_EN == DEF_ENABLED
     39          /*******************************************************************************
     40           * CONSTANTS
     41           */
     42          #define CYCLE_TIME_TICKS            (OS_CFG_TICK_RATE_HZ * 1u)
     43          #define CYCLE_SAMPLE_MSEC_TICKS     (OS_CFG_TICK_RATE_HZ / 5)
     44          #define CYCLE_SAMPLE_SEC_TICKS      (OS_CFG_TICK_RATE_HZ * 5u)
     45          #define CYCLE_SAMPLE_MIN_TICKS      (OS_CFG_TICK_RATE_HZ * 60u)
     46          #define CYCLE_SAMPLE_TICKS          (OS_CFG_TICK_RATE_HZ * 2u)
     47               
     48          /*******************************************************************************
     49           * MACROS
     50           */
     51          
     52          /*******************************************************************************
     53           * TYPEDEFS
     54           */
     55          extern     stcSysCtrl   sCtrl;
     56          
     57          /*******************************************************************************
     58           * LOCAL VARIABLES
     59           */
     60          
     61          #if ( OSAL_EN == DEF_ENABLED )
     62          #else
     63          /***********************************************
     64          * 描述： 任务控制块（TCB）
     65          */
     66          static  OS_TCB   AppTaskTmrTCB;
     67          
     68          /***********************************************
     69          * 描述： 任务堆栈（STACKS）
     70          */
     71          static  CPU_STK  AppTaskTmrStk[ APP_TASK_TMR_STK_SIZE ];
     72          
     73          #endif
     74          /*******************************************************************************
     75           * GLOBAL VARIABLES
     76           */
     77          
     78          /*******************************************************************************
     79           * LOCAL FUNCTIONS
     80           */
     81          
     82          /*******************************************************************************
     83           * GLOBAL FUNCTIONS
     84           */
     85          
     86          /*******************************************************************************
     87           * EXTERN VARIABLES
     88           */
     89          
     90          /*******************************************************************************/
     91          extern  OS_SEM	Bsp_Card_Sem; 
     92          uint8_t ReadIC_SWT(void);
     93          
     94          
     95          /*******************************************************************************
     96           * 名    称： AppTaskTmr
     97           * 功    能： 控制任务
     98           * 入口参数： p_arg - 由任务创建函数传入
     99           * 出口参数： 无
    100           * 作　 　者： wumingshen.
    101           * 创建日期： 2015-02-05
    102           * 修    改：
    103           * 修改日期：
    104           *******************************************************************************/

   \                                 In section .text, align 2, keep-with-next
    105          osalEvt  TaskTmrEvtProcess(INT8U task_id, osalEvt task_event)
    106          {
   \                     TaskTmrEvtProcess: (+1)
   \   00000000   0xB538             PUSH     {R3-R5,LR}
   \   00000002   0x0004             MOVS     R4,R0
   \   00000004   0x000D             MOVS     R5,R1
    107              OS_ERR      err;
    108          //    static BOOL     chang_flag = FALSE;
    109              
    110              /***********************************************
    111              * 描述： 本任务看门狗标志置位
    112              */
    113              OSFlagPost ((OS_FLAG_GRP *)&WdtFlagGRP,
    114                           (OS_FLAGS     ) WDT_FLAG_TMR,
    115                           (OS_OPT       ) OS_OPT_POST_FLAG_SET,
    116                           (OS_ERR      *) &err);    
   \   00000006   0x466B             MOV      R3,SP
   \   00000008   0x2200             MOVS     R2,#+0
   \   0000000A   0x2104             MOVS     R1,#+4
   \   0000000C   0x....             LDR.N    R0,??DataTable1
   \   0000000E   0x.... 0x....      BL       OSFlagPost
    117            
    118              /***************************************************************************
    119              * 描述： 统计模块和无线发送模块通讯定时器，
    120              COMM_EVT_FLAG_DTU_TIMEOUT 标示。
    121              */
    122              
    123              static  uint8   mPlugTime = 0;
    124              static  uint8   mNoPlugTime = 0;
    125          
    126              if( task_event & OS_EVT_TMR_SEC ) {        
   \   00000012   0x0768             LSLS     R0,R5,#+29
   \   00000014   0xD536             BPL.N    ??TaskTmrEvtProcess_0
    127          
    128          	   //无卡状态下，插入IC卡
    129          	   if(ReadIC_SWT() == 1 && sCtrl.sRunPara.plugcard == 0)  //无卡状态下，插入IC卡卡，发送信号量
   \   00000016   0x.... 0x....      BL       ReadIC_SWT
   \   0000001A   0x2801             CMP      R0,#+1
   \   0000001C   0xD117             BNE.N    ??TaskTmrEvtProcess_1
   \   0000001E   0x....             LDR.N    R0,??DataTable1_1
   \   00000020   0xF890 0x00AD      LDRB     R0,[R0, #+173]
   \   00000024   0x2800             CMP      R0,#+0
   \   00000026   0xD112             BNE.N    ??TaskTmrEvtProcess_1
    130          		{
    131          	        if( mPlugTime++ > 2)                          	
   \   00000028   0x....             LDR.N    R0,??DataTable1_2
   \   0000002A   0x7800             LDRB     R0,[R0, #+0]
   \   0000002C   0x1C41             ADDS     R1,R0,#+1
   \   0000002E   0x....             LDR.N    R2,??DataTable1_2
   \   00000030   0x7011             STRB     R1,[R2, #+0]
   \   00000032   0xB2C0             UXTB     R0,R0            ;; ZeroExt  R0,R0,#+24,#+24
   \   00000034   0x2803             CMP      R0,#+3
   \   00000036   0xDB22             BLT.N    ??TaskTmrEvtProcess_2
    132          	        {
    133          	            sCtrl.sRunPara.plugcard = 1;
   \   00000038   0x2001             MOVS     R0,#+1
   \   0000003A   0x....             LDR.N    R1,??DataTable1_1
   \   0000003C   0xF881 0x00AD      STRB     R0,[R1, #+173]
    134          				
    135          				BSP_OS_SemPost(&Bsp_Card_Sem);              //发送信号量，启动 IC卡任务       
   \   00000040   0x....             LDR.N    R0,??DataTable1_3
   \   00000042   0x.... 0x....      BL       BSP_OS_SemPost
    136          
    137          	            mNoPlugTime = 0;
   \   00000046   0x2000             MOVS     R0,#+0
   \   00000048   0x....             LDR.N    R1,??DataTable1_4
   \   0000004A   0x7008             STRB     R0,[R1, #+0]
   \   0000004C   0xE017             B.N      ??TaskTmrEvtProcess_2
    138          	        }
    139          		//有卡状态，
    140          		} else if( ReadIC_SWT() == 0 &&  sCtrl.sRunPara.plugcard == 1) {//有卡状态，且已经拔出IC卡      
   \                     ??TaskTmrEvtProcess_1: (+1)
   \   0000004E   0x.... 0x....      BL       ReadIC_SWT
   \   00000052   0x2800             CMP      R0,#+0
   \   00000054   0xD113             BNE.N    ??TaskTmrEvtProcess_2
   \   00000056   0x....             LDR.N    R0,??DataTable1_1
   \   00000058   0xF890 0x00AD      LDRB     R0,[R0, #+173]
   \   0000005C   0x2801             CMP      R0,#+1
   \   0000005E   0xD10E             BNE.N    ??TaskTmrEvtProcess_2
    141          	        if( mNoPlugTime++ > 2)                          	
   \   00000060   0x....             LDR.N    R0,??DataTable1_4
   \   00000062   0x7800             LDRB     R0,[R0, #+0]
   \   00000064   0x1C41             ADDS     R1,R0,#+1
   \   00000066   0x....             LDR.N    R2,??DataTable1_4
   \   00000068   0x7011             STRB     R1,[R2, #+0]
   \   0000006A   0xB2C0             UXTB     R0,R0            ;; ZeroExt  R0,R0,#+24,#+24
   \   0000006C   0x2803             CMP      R0,#+3
   \   0000006E   0xDB06             BLT.N    ??TaskTmrEvtProcess_2
    142          	        {
    143          	            sCtrl.sRunPara.plugcard = 0;
   \   00000070   0x2000             MOVS     R0,#+0
   \   00000072   0x....             LDR.N    R1,??DataTable1_1
   \   00000074   0xF881 0x00AD      STRB     R0,[R1, #+173]
    144          
    145          	            mPlugTime = 0;
   \   00000078   0x2000             MOVS     R0,#+0
   \   0000007A   0x....             LDR.N    R1,??DataTable1_2
   \   0000007C   0x7008             STRB     R0,[R1, #+0]
    146          	        }
    147          	    }
    148          
    149                  return ( task_event ^ OS_EVT_TMR_SEC );
   \                     ??TaskTmrEvtProcess_2: (+1)
   \   0000007E   0xF095 0x0004      EORS     R0,R5,#0x4
   \   00000082   0xE000             B.N      ??TaskTmrEvtProcess_3
    150              }
    151              return 0;
   \                     ??TaskTmrEvtProcess_0: (+1)
   \   00000084   0x2000             MOVS     R0,#+0
   \                     ??TaskTmrEvtProcess_3: (+1)
   \   00000086   0xBD32             POP      {R1,R4,R5,PC}    ;; return
    152          }

   \                                 In section .bss, align 1
   \                     ??mPlugTime:
   \   00000000                      DS8 1

   \                                 In section .bss, align 1
   \                     ??mNoPlugTime:
   \   00000000                      DS8 1
    153          
    154          /*******************************************************************************
    155           * 名    称： APP_TmrInit
    156           * 功    能： 任务初始化
    157           * 入口参数： 无
    158           * 出口参数： 无
    159           * 作　　者： wumingshen.
    160           * 创建日期： 2015-03-28
    161           * 修    改：
    162           * 修改日期：
    163           *******************************************************************************/

   \                                 In section .text, align 2, keep-with-next
    164          void TaskInitTmr(void)
    165          {
   \                     TaskInitTmr: (+1)
   \   00000000   0xB580             PUSH     {R7,LR}
    166              /***********************************************
    167              * 描述： 初始化
    168              */    
    169                 
    170              /***********************************************
    171              * 描述： 在看门狗标志组注册本任务的看门狗标志
    172              */
    173              WdtFlags |= WDT_FLAG_TMR;
   \   00000002   0x....             LDR.N    R0,??DataTable1_5
   \   00000004   0x6800             LDR      R0,[R0, #+0]
   \   00000006   0xF050 0x0004      ORRS     R0,R0,#0x4
   \   0000000A   0x....             LDR.N    R1,??DataTable1_5
   \   0000000C   0x6008             STR      R0,[R1, #+0]
    174              /*************************************************
    175              * 描述：启动事件查询
    176              */
    177              osal_start_timerRl( OS_TASK_ID_TMR, OS_EVT_TMR_SEC, OS_TICKS_PER_SEC/10);
   \   0000000E   0x2264             MOVS     R2,#+100
   \   00000010   0x2104             MOVS     R1,#+4
   \   00000012   0x2001             MOVS     R0,#+1
   \   00000014   0x.... 0x....      BL       osal_start_timerRl
    178          }
   \   00000018   0xBD01             POP      {R0,PC}          ;; return

   \                                 In section .text, align 4, keep-with-next
   \                     ??DataTable1:
   \   00000000   0x........         DC32     WdtFlagGRP

   \                                 In section .text, align 4, keep-with-next
   \                     ??DataTable1_1:
   \   00000000   0x........         DC32     sCtrl

   \                                 In section .text, align 4, keep-with-next
   \                     ??DataTable1_2:
   \   00000000   0x........         DC32     ??mPlugTime

   \                                 In section .text, align 4, keep-with-next
   \                     ??DataTable1_3:
   \   00000000   0x........         DC32     Bsp_Card_Sem

   \                                 In section .text, align 4, keep-with-next
   \                     ??DataTable1_4:
   \   00000000   0x........         DC32     ??mNoPlugTime

   \                                 In section .text, align 4, keep-with-next
   \                     ??DataTable1_5:
   \   00000000   0x........         DC32     WdtFlags
    179          
    180          /*******************************************************************************
    181           * 				                    end of file                                *
    182           *******************************************************************************/
    183          #endif

   Maximum stack usage in bytes:

   .cstack Function
   ------- --------
       8   TaskInitTmr
         8   -> osal_start_timerRl
      16   TaskTmrEvtProcess
        16   -> BSP_OS_SemPost
        16   -> OSFlagPost
        16   -> ReadIC_SWT


   Section sizes:

   Bytes  Function/Label
   -----  --------------
       4  ??DataTable1
       4  ??DataTable1_1
       4  ??DataTable1_2
       4  ??DataTable1_3
       4  ??DataTable1_4
       4  ??DataTable1_5
      26  TaskInitTmr
     136  TaskTmrEvtProcess
       1  mNoPlugTime
       1  mPlugTime

 
   2 bytes in section .bss
 186 bytes in section .text
 
 186 bytes of CODE memory
   2 bytes of DATA memory

Errors: none
Warnings: none
