###############################################################################
#
# IAR ANSI C/C++ Compiler V7.50.1.10123/W32 for ARM       19/Dec/2017  18:11:02
# Copyright 1999-2015 IAR Systems AB.
#
#    Cpu mode     =  thumb
#    Endian       =  little
#    Source file  =  
#        F:\iar\NC136B-320
#        IC卡模块\Application\Library\CardOperations\DataCard.c
#    Command line =  
#        "F:\iar\NC136B-320
#        IC卡模块\Application\Library\CardOperations\DataCard.c" -lCN
#        "F:\iar\NC136B-320
#        IC卡模块\Software\EvalBoards\NXP\LPC1768-SK\uCOS-III\IAR\FLASH\List"
#        --diag_suppress Pa050 -o "F:\iar\NC136B-320
#        IC卡模块\Software\EvalBoards\NXP\LPC1768-SK\uCOS-III\IAR\FLASH\Obj"
#        --no_cse --no_unroll --no_inline --no_code_motion --no_tbaa
#        --no_clustering --no_scheduling --debug --endian=little
#        --cpu=Cortex-M3 -e --fpu=None --dlib_config "C:\Program Files
#        (x86)\IAR Systems\Embedded Workbench
#        7.3\arm\INC\c\DLib_Config_Normal.h" -I "F:\iar\NC136B-320
#        IC卡模块\Software\EvalBoards\NXP\LPC1768-SK\uCOS-III\IAR\" -I
#        "F:\iar\NC136B-320
#        IC卡模块\Software\EvalBoards\NXP\LPC1768-SK\uCOS-III\IAR\..\..\uCOS-III\"
#        -I "F:\iar\NC136B-320
#        IC卡模块\Software\EvalBoards\NXP\LPC1768-SK\uCOS-III\IAR\..\..\BSP\"
#        -I "F:\iar\NC136B-320
#        IC卡模块\Software\EvalBoards\NXP\LPC1768-SK\uCOS-III\IAR\..\..\BSP\IAR\"
#        -I "F:\iar\NC136B-320
#        IC卡模块\Software\EvalBoards\NXP\LPC1768-SK\uCOS-III\IAR\..\..\BSP\OS\uCOS-III\"
#        -I "F:\iar\NC136B-320
#        IC卡模块\Software\EvalBoards\NXP\LPC1768-SK\uCOS-III\IAR\..\..\..\..\..\uC-CSP\MCU\"
#        -I "F:\iar\NC136B-320
#        IC卡模块\Software\EvalBoards\NXP\LPC1768-SK\uCOS-III\IAR\..\..\..\..\..\uC-CSP\MCU\NXP\LPC17xx\LPC1768\"
#        -I "F:\iar\NC136B-320
#        IC卡模块\Software\EvalBoards\NXP\LPC1768-SK\uCOS-III\IAR\..\..\..\..\..\uC-CSP\MCU\NXP\LPC17xx\"
#        -I "F:\iar\NC136B-320
#        IC卡模块\Software\EvalBoards\NXP\LPC1768-SK\uCOS-III\IAR\..\..\..\..\..\uCOS-III\Ports\ARM-Cortex-M3\Generic\IAR\"
#        -I "F:\iar\NC136B-320
#        IC卡模块\Software\EvalBoards\NXP\LPC1768-SK\uCOS-III\IAR\..\..\..\..\..\uCOS-III\Ports\ARM-Cortex-M3\CSP\"
#        -I "F:\iar\NC136B-320
#        IC卡模块\Software\EvalBoards\NXP\LPC1768-SK\uCOS-III\IAR\..\..\..\..\..\uCOS-III\Source\"
#        -I "F:\iar\NC136B-320
#        IC卡模块\Software\EvalBoards\NXP\LPC1768-SK\uCOS-III\IAR\..\..\..\..\..\uC-LIB\"
#        -I "F:\iar\NC136B-320
#        IC卡模块\Software\EvalBoards\NXP\LPC1768-SK\uCOS-III\IAR\..\..\..\..\..\uC-CPU\"
#        -I "F:\iar\NC136B-320
#        IC卡模块\Software\EvalBoards\NXP\LPC1768-SK\uCOS-III\IAR\..\..\..\..\..\uC-CPU\ARM-Cortex-M3\IAR\"
#        -I "F:\iar\NC136B-320
#        IC卡模块\Software\EvalBoards\NXP\LPC1768-SK\uCOS-III\IAR\..\..\..\..\..\uC-MB\Source\"
#        -I "F:\iar\NC136B-320
#        IC卡模块\Software\EvalBoards\NXP\LPC1768-SK\uCOS-III\IAR\..\..\..\..\..\uC-MB\Cfg\Template\"
#        -I "F:\iar\NC136B-320
#        IC卡模块\Software\EvalBoards\NXP\LPC1768-SK\uCOS-III\IAR\..\..\..\..\..\uC-MB\Os\uCOS-III\"
#        -I "F:\iar\NC136B-320
#        IC卡模块\Software\EvalBoards\NXP\LPC1768-SK\uCOS-III\IAR\..\..\..\..\..\OSAL\OS\"
#        -I "F:\iar\NC136B-320
#        IC卡模块\Software\EvalBoards\NXP\LPC1768-SK\uCOS-III\IAR\..\..\..\..\..\OSAL\Ports\"
#        -I "F:\iar\NC136B-320
#        IC卡模块\Software\EvalBoards\NXP\LPC1768-SK\uCOS-III\IAR\..\..\..\..\..\APP\User\"
#        -I "F:\iar\NC136B-320
#        IC卡模块\Software\EvalBoards\NXP\LPC1768-SK\uCOS-III\IAR\..\..\..\..\..\APP\Iap\"
#        -I "F:\iar\NC136B-320
#        IC卡模块\Software\EvalBoards\NXP\LPC1768-SK\uCOS-III\IAR\..\..\..\..\..\APP\Protocol\"
#        -I "F:\iar\NC136B-320
#        IC卡模块\Software\EvalBoards\NXP\LPC1768-SK\uCOS-III\IAR\..\..\..\..\..\APP\Tasks\"
#        -I "F:\iar\NC136B-320
#        IC卡模块\Software\EvalBoards\NXP\LPC1768-SK\uCOS-III\IAR\..\..\..\..\..\APP\AES\"
#        -I "F:\iar\NC136B-320
#        IC卡模块\Software\EvalBoards\NXP\LPC1768-SK\uCOS-III\IAR\..\..\..\..\..\BSP\OS\OSAL\"
#        -I "F:\iar\NC136B-320
#        IC卡模块\Software\EvalBoards\NXP\LPC1768-SK\uCOS-III\IAR\..\..\..\..\..\CSB\include\"
#        -I "F:\iar\NC136B-320
#        IC卡模块\Software\EvalBoards\NXP\LPC1768-SK\uCOS-III\IAR\..\..\..\..\..\BSP\Driver\"
#        -I "F:\iar\NC136B-320
#        IC卡模块\Software\EvalBoards\NXP\LPC1768-SK\uCOS-III\IAR\..\..\..\..\..\..\Application\"
#        -I "F:\iar\NC136B-320
#        IC卡模块\Software\EvalBoards\NXP\LPC1768-SK\uCOS-III\IAR\..\..\..\..\..\..\Application\User\"
#        -I "F:\iar\NC136B-320
#        IC卡模块\Software\EvalBoards\NXP\LPC1768-SK\uCOS-III\IAR\..\..\..\..\..\..\Application\User\APP\"
#        -I "F:\iar\NC136B-320
#        IC卡模块\Software\EvalBoards\NXP\LPC1768-SK\uCOS-III\IAR\..\..\..\..\..\..\Application\User\APP\MX25L1602Drv\"
#        -I "F:\iar\NC136B-320
#        IC卡模块\Software\EvalBoards\NXP\LPC1768-SK\uCOS-III\IAR\..\..\..\..\..\..\Application\User\APP\OCM800600T80\"
#        -I "F:\iar\NC136B-320
#        IC卡模块\Software\EvalBoards\NXP\LPC1768-SK\uCOS-III\IAR\..\..\..\..\..\..\Application\User\BSP\"
#        -I "F:\iar\NC136B-320
#        IC卡模块\Software\EvalBoards\NXP\LPC1768-SK\uCOS-III\IAR\..\..\..\..\..\..\Application\Library\CardOperations\"
#        -I "F:\iar\NC136B-320
#        IC卡模块\Software\EvalBoards\NXP\LPC1768-SK\uCOS-III\IAR\..\..\..\..\..\..\Application\Library\DataDeal\"
#        -I "F:\iar\NC136B-320
#        IC卡模块\Software\EvalBoards\NXP\LPC1768-SK\uCOS-III\IAR\..\..\..\..\..\..\Application\Library\Driver\"
#        -I "F:\iar\NC136B-320
#        IC卡模块\Software\EvalBoards\NXP\LPC1768-SK\uCOS-III\IAR\..\..\..\..\..\..\Application\Library\EquipmentOperations\"
#        -I "F:\iar\NC136B-320
#        IC卡模块\Software\EvalBoards\NXP\LPC1768-SK\uCOS-III\IAR\..\..\..\..\..\..\Application\Library\Global\"
#        -I "F:\iar\NC136B-320
#        IC卡模块\Software\EvalBoards\NXP\LPC1768-SK\uCOS-III\IAR\..\..\..\..\..\..\Application\Library\MastConTask\"
#        -I "F:\iar\NC136B-320
#        IC卡模块\Software\EvalBoards\NXP\LPC1768-SK\uCOS-III\IAR\..\..\..\..\..\..\Application\Library\SlaveConTask\"
#        -I "F:\iar\NC136B-320
#        IC卡模块\Software\EvalBoards\NXP\LPC1768-SK\uCOS-III\IAR\..\..\..\..\..\..\Application\Library\SpeedTest\"
#        -On --use_c++_inline -I "C:\Program Files (x86)\IAR Systems\Embedded
#        Workbench 7.3\arm\CMSIS\Include\"
#    List file    =  
#        F:\iar\NC136B-320
#        IC卡模块\Software\EvalBoards\NXP\LPC1768-SK\uCOS-III\IAR\FLASH\List\DataCard.lst
#    Object file  =  
#        F:\iar\NC136B-320
#        IC卡模块\Software\EvalBoards\NXP\LPC1768-SK\uCOS-III\IAR\FLASH\Obj\DataCard.o
#
###############################################################################

F:\iar\NC136B-320 IC卡模块\Application\Library\CardOperations\DataCard.c
      1          //#include 	"config.h"
      2          //#include 	"String.h"
      3          //#include	"Globe.h"
      4          //#include	"HardDrive.h"
      5          //#include	"StoreRec.h"
      6          //#include	"CpuDrive.h"
      7          //#include	"FramStore.h"
      8          //#include	"OperateCard.h"
      9          //#include	"stdlib.h" 
     10          
     11          #include    "includes.h"  
     12          #include	"Card.h"
     13          #include	"OperateCard.h"
     14          #include	"app_ctrl.h"
     15          
     16          //#include	"flash.h"
     17          
     18          #define		CARD_BUF_LEN		1024			//IC卡处理缓冲区大小	
     19          uint8 FRAM_StoreRecNumMgr(StrRecNumMgr  *SRecNumMgr);
     20          
     21          extern  stcSysCtrl  sCtrl;
     22          
     23          
     24          //----------------------------------------------------------------------
     25          //函数名称:  	uint32_t  GetWritePageLen(uint32_t Start, uint32_t WriteLen,uint32_t MaxWriteLen)
     26          //函数功能:  	求写将要完成下页写长度
     27          //入口参数:   	StartAddr:IC卡起始写地址;FinishLen:已写地址,MaxWriteLen:要写地址
     28          //出口参数:   	
     29          //说明:                 
     30          //-----------------------------------------------------------------------

   \                                 In section .text, align 2, keep-with-next
     31          uint32_t  GetWritePageLen(uint32_t StartAddr, uint32_t FinishLen,uint32_t MaxWriteLen)
     32          {
   \                     GetWritePageLen: (+1)
   \   00000000   0xE92D 0x43F8      PUSH     {R3-R9,LR}
   \   00000004   0x0004             MOVS     R4,R0
   \   00000006   0x000D             MOVS     R5,R1
   \   00000008   0x0016             MOVS     R6,R2
     33              uint32_t  	PageSize;
     34              uint32_t  	PageSegLen;
     35              uint32_t  	NoWriteLen;
     36          	
     37          	PageSize = GetCardPageSize();
   \   0000000A   0x.... 0x....      BL       GetCardPageSize
   \   0000000E   0x0007             MOVS     R7,R0
     38          	
     39              PageSegLen = PageSize - ((StartAddr + FinishLen) % PageSize);		//从首往尾写
   \   00000010   0x1928             ADDS     R0,R5,R4
   \   00000012   0x1A39             SUBS     R1,R7,R0
   \   00000014   0xFBB0 0xF0F7      UDIV     R0,R0,R7
   \   00000018   0xFB07 0x1000      MLA      R0,R7,R0,R1
   \   0000001C   0x4680             MOV      R8,R0
     40              
     41              NoWriteLen = MaxWriteLen - FinishLen;
   \   0000001E   0x1B70             SUBS     R0,R6,R5
   \   00000020   0x4681             MOV      R9,R0
     42              
     43              if( PageSegLen < NoWriteLen)
   \   00000022   0x45C8             CMP      R8,R9
   \   00000024   0xD201             BCS.N    ??GetWritePageLen_0
     44              {
     45                  return PageSegLen;
   \   00000026   0x4640             MOV      R0,R8
   \   00000028   0xE000             B.N      ??GetWritePageLen_1
     46              }
     47              else
     48              {
     49                  return  NoWriteLen;
   \                     ??GetWritePageLen_0: (+1)
   \   0000002A   0x4648             MOV      R0,R9
   \                     ??GetWritePageLen_1: (+1)
   \   0000002C   0xE8BD 0x83F2      POP      {R1,R4-R9,PC}    ;; return
     50              }
     51          }
     52          
     53          //----------------------------------------------------------------------
     54          //函数名称:  	stcFlshRec    FlshRecToCardRec( stcFlshRec   sFlshRec)
     55          //函数功能:  	将油尺记录FLASH转化为IC卡记录
     56          //入口参数:   	FLASH记录
     57          //出口参数:   	IC卡记录
     58          //说明:                 
     59          //-----------------------------------------------------------------------

   \                                 In section .text, align 2, keep-with-next
     60          stcFlshRec    FlshRecToCardRec( stcFlshRec   sFlshRec)
     61          {
   \                     FlshRecToCardRec: (+1)
   \   00000000   0xB40E             PUSH     {R1-R3}
   \   00000002   0xB5F0             PUSH     {R4-R7,LR}
   \   00000004   0xB0A0             SUB      SP,SP,#+128
   \   00000006   0x0004             MOVS     R4,R0
     62          	stcFlshRec  sCardRec;		
     63          	memcpy((uint8_t *)&sCardRec,(uint8_t *)&sFlshRec,sizeof(sCardRec));
   \   00000008   0x2580             MOVS     R5,#+128
   \   0000000A   0xAE25             ADD      R6,SP,#+148
   \   0000000C   0x466F             MOV      R7,SP
   \   0000000E   0x002A             MOVS     R2,R5
   \   00000010   0x0031             MOVS     R1,R6
   \   00000012   0x0038             MOVS     R0,R7
   \   00000014   0x.... 0x....      BL       __aeabi_memcpy
     64          	
     65          	return	sCardRec;
   \   00000018   0x0020             MOVS     R0,R4
   \   0000001A   0x4669             MOV      R1,SP
   \   0000001C   0x2280             MOVS     R2,#+128
   \   0000001E   0x.... 0x....      BL       __aeabi_memcpy4
   \   00000022   0xB020             ADD      SP,SP,#+128
   \   00000024   0xBCF0             POP      {R4-R7}
   \   00000026   0xF85D 0xFB10      LDR      PC,[SP], #+16    ;; return
     66          }
     67          
     68          //extern	void	SysHoldTast(void);
     69          
     70          //----------------------------------------------------------------------
     71          //函数名称:  	void    ReadCardDisplay(uint8_t	 Sct)
     72          //函数功能:  	将油尺记录FLASH转化为IC卡记录
     73          //入口参数:   	FLASH记录
     74          //出口参数:   	IC卡记录
     75          //说明:                 
     76          //-----------------------------------------------------------------------

   \                                 In section .text, align 2, keep-with-next
     77          void    ReadCardDisplay(uint8_t	 Sct)
     78          {
   \                     ReadCardDisplay: (+1)
   \   00000000   0xB538             PUSH     {R3-R5,LR}
   \   00000002   0x0004             MOVS     R4,R0
     79          	uint8_t	i = 0;
   \   00000004   0x2500             MOVS     R5,#+0
     80          	
     81              //	if(GetSysTime() % 100 < 12)
     82          	{
     83          		i = 0;
   \   00000006   0x2000             MOVS     R0,#+0
   \   00000008   0x0005             MOVS     R5,R0
     84          		while(i < 10 )
   \                     ??ReadCardDisplay_0: (+1)
   \   0000000A   0xB2ED             UXTB     R5,R5            ;; ZeroExt  R5,R5,#+24,#+24
   \   0000000C   0x2D0A             CMP      R5,#+10
   \   0000000E   0xDA0B             BGE.N    ??ReadCardDisplay_1
     85          		{
     86          			DisplaySet(10,2,"%u  %u",Sct,i);
   \   00000010   0xB2ED             UXTB     R5,R5            ;; ZeroExt  R5,R5,#+24,#+24
   \   00000012   0x9500             STR      R5,[SP, #+0]
   \   00000014   0xB2E4             UXTB     R4,R4            ;; ZeroExt  R4,R4,#+24,#+24
   \   00000016   0x0023             MOVS     R3,R4
   \   00000018   0x.... 0x....      LDR.W    R2,??DataTable2
   \   0000001C   0x2102             MOVS     R1,#+2
   \   0000001E   0x200A             MOVS     R0,#+10
   \   00000020   0x.... 0x....      BL       DisplaySet
     87          			i++;
   \   00000024   0x1C6D             ADDS     R5,R5,#+1
   \   00000026   0xE7F0             B.N      ??ReadCardDisplay_0
     88          		}
     89          		
     90          		//OnLed(WRITE_CARD_LED,10,5,5);
     91          	}													//xitong 
     92          }
   \                     ??ReadCardDisplay_1: (+1)
   \   00000028   0xBD31             POP      {R0,R4,R5,PC}    ;; return
     93          
     94          //----------------------------------------------------------------------
     95          //函数名称:  	uint8_t  StoreCardRec(uint32_t   FlshStartRecNum,uint32_t	FlshRecCnt,uint32_t	CardStartAddr )
     96          //函数功能:  	存IC卡记录
     97          //入口参数:   	FlshStartRecNum:起始Flsh记录号,FlshRecCnt:记录个数,StartCardRecAddr:IC卡起始地址
     98          //出口参数:   	
     99          //说明:                 
    100          //-----------------------------------------------------------------------

   \                                 In section .text, align 2, keep-with-next
    101          uint8_t  StoreCardRec(uint32_t   FlshStartRecNum,uint32_t	FlshRecCnt,uint32_t	CardStartAddr,uint32_t	WriteTimes )
    102          {
   \                     StoreCardRec: (+1)
   \   00000000   0xE92D 0x4FFB      PUSH     {R0,R1,R3-R11,LR}
   \   00000004   0xF5AD 0x6D91      SUB      SP,SP,#+1160
   \   00000008   0x0014             MOVS     R4,R2
    103          	uint8_t				CardBuf[1024];
    104          	uint32_t			FlshRecNum;											//Flsh记录流水号
    105          	uint32_t			MaxWriteLen;										//最大要写卡长度
    106          	uint32_t			FinishLen = 0;										//已写长度
   \   0000000A   0x2500             MOVS     R5,#+0
    107          	uint32_t			WritePageLen;	
    108          	uint32_t			NextRecCardAddr;
    109          	uint32_t			BufWriteLen = 0;
   \   0000000C   0x2700             MOVS     R7,#+0
    110          	
    111          	stcFlshRec		sFlshRec;
    112          	
    113          	FlshRecNum	= FlshStartRecNum;
   \   0000000E   0xF8DD 0x0488      LDR      R0,[SP, #+1160]
   \   00000012   0x4680             MOV      R8,R0
    114          	MaxWriteLen = FlshRecCnt * sizeof(sFlshRec);					
   \   00000014   0xF8DD 0x048C      LDR      R0,[SP, #+1164]
   \   00000018   0x2180             MOVS     R1,#+128
   \   0000001A   0x4348             MULS     R0,R1,R0
   \   0000001C   0x9000             STR      R0,[SP, #+0]
    115              
    116          	BufWriteLen = 0;
   \   0000001E   0x2000             MOVS     R0,#+0
   \   00000020   0x0007             MOVS     R7,R0
    117          	while( FinishLen < MaxWriteLen)
   \                     ??StoreCardRec_0: (+1)
   \   00000022   0x9800             LDR      R0,[SP, #+0]
   \   00000024   0x4285             CMP      R5,R0
   \   00000026   0xD232             BCS.N    ??StoreCardRec_1
    118          	{
    119          		ReadFlshRec((stcFlshRec *)&sFlshRec,FlshRecNum++);
   \   00000028   0x4641             MOV      R1,R8
   \   0000002A   0xA802             ADD      R0,SP,#+8
   \   0000002C   0x.... 0x....      BL       ReadFlshRec
   \   00000030   0xF118 0x0801      ADDS     R8,R8,#+1
    120                  
    121          		WritePageLen = GetWritePageLen(CardStartAddr,FinishLen,MaxWriteLen);
   \   00000034   0x9A00             LDR      R2,[SP, #+0]
   \   00000036   0x0029             MOVS     R1,R5
   \   00000038   0x0020             MOVS     R0,R4
   \   0000003A   0x.... 0x....      BL       GetWritePageLen
   \   0000003E   0x0006             MOVS     R6,R0
    122                  
    123          		memcpy(&CardBuf[BufWriteLen],(uint8_t *)&sFlshRec,sizeof(sFlshRec));
   \   00000040   0xF05F 0x0980      MOVS     R9,#+128
   \   00000044   0xF10D 0x0A08      ADD      R10,SP,#+8
   \   00000048   0xA822             ADD      R0,SP,#+136
   \   0000004A   0xEB17 0x0B00      ADDS     R11,R7,R0
   \   0000004E   0x464A             MOV      R2,R9
   \   00000050   0x4651             MOV      R1,R10
   \   00000052   0x4658             MOV      R0,R11
   \   00000054   0x.... 0x....      BL       __aeabi_memcpy
    124          		BufWriteLen += sizeof(sFlshRec);
   \   00000058   0x3780             ADDS     R7,R7,#+128
    125                  
    126          		if(WritePageLen == BufWriteLen || WritePageLen < BufWriteLen)
   \   0000005A   0x42BE             CMP      R6,R7
   \   0000005C   0xD001             BEQ.N    ??StoreCardRec_2
   \   0000005E   0x42BE             CMP      R6,R7
   \   00000060   0xD20F             BCS.N    ??StoreCardRec_3
    127          		{
    128          			NextRecCardAddr = CardStartAddr + FinishLen;				//IC卡下一地址
   \                     ??StoreCardRec_2: (+1)
   \   00000062   0x1928             ADDS     R0,R5,R4
   \   00000064   0x9001             STR      R0,[SP, #+4]
    129                      
    130             			WriteCard(NextRecCardAddr,CardBuf,WritePageLen);      		//写卡
   \   00000066   0x0032             MOVS     R2,R6
   \   00000068   0xB292             UXTH     R2,R2            ;; ZeroExt  R2,R2,#+16,#+16
   \   0000006A   0xA922             ADD      R1,SP,#+136
   \   0000006C   0x9801             LDR      R0,[SP, #+4]
   \   0000006E   0x.... 0x....      BL       WriteCard
    131               		
    132               		FinishLen += WritePageLen;									//将要完成写长度
   \   00000072   0x1975             ADDS     R5,R6,R5
    133                      
    134               		ReadCardDisplay(WriteTimes);								//指示正在读卡
   \   00000074   0xF8DD 0x0490      LDR      R0,[SP, #+1168]
   \   00000078   0xB2C0             UXTB     R0,R0            ;; ZeroExt  R0,R0,#+24,#+24
   \   0000007A   0x.... 0x....      BL       ReadCardDisplay
    135                      
    136          			BufWriteLen = 0;
   \   0000007E   0x2000             MOVS     R0,#+0
   \   00000080   0x0007             MOVS     R7,R0
    137          		}
    138          		if(GetPlugFlg() == NO_PLUG_IN_CARD)								//拨卡退出
   \                     ??StoreCardRec_3: (+1)
   \   00000082   0x.... 0x....      BL       GetPlugFlg
   \   00000086   0x2800             CMP      R0,#+0
   \   00000088   0xD1CB             BNE.N    ??StoreCardRec_0
    139          		{
    140          			return FALSE;
   \   0000008A   0x2000             MOVS     R0,#+0
   \   0000008C   0xE000             B.N      ??StoreCardRec_4
    141          		}
    142          	}
    143              
    144          	return TRUE;
   \                     ??StoreCardRec_1: (+1)
   \   0000008E   0x2001             MOVS     R0,#+1
   \                     ??StoreCardRec_4: (+1)
   \   00000090   0xF20D 0x4D94      ADDW     SP,SP,#+1172
   \   00000094   0xE8BD 0x8FF0      POP      {R4-R11,PC}      ;; return
    145          }
    146          
    147          //-------------------------------------------------------------------------------------------------
    148          //函数名称:             uint32_t	GetReadFlshRecCnt(uint32_t ZoneMaxRecNum)	   
    149          //函数功能:             取分区应读取的记录数
    150          //入口参数:             分区最大记录数
    151          //出口参数:             记录数
    152          //--------------------------------------------------------------------------------------------------

   \                                 In section .text, align 2, keep-with-next
    153          uint32_t	GetReadFlshRecCnt(uint32_t NoReadRecNum,uint32_t ZoneMaxRecNum)
    154          {	
   \                     GetReadFlshRecCnt: (+1)
   \   00000000   0x0002             MOVS     R2,R0
    155          	uint32_t	FlshMaxRec;
    156          	
    157          	FlshMaxRec = (FLSH_MAX_SIZE)/(sizeof(stcFlshRec));
   \   00000002   0xF45F 0x3080      MOVS     R0,#+65536
   \   00000006   0x0003             MOVS     R3,R0
    158          	
    159          	////printfcom0("\r\n FlshMaxRec %d",FlshMaxRec);
    160          	if(NoReadRecNum >= ZoneMaxRecNum)
   \   00000008   0x428A             CMP      R2,R1
   \   0000000A   0xD305             BCC.N    ??GetReadFlshRecCnt_0
    161          	{
    162          		if(ZoneMaxRecNum > FlshMaxRec)
   \   0000000C   0x428B             CMP      R3,R1
   \   0000000E   0xD201             BCS.N    ??GetReadFlshRecCnt_1
    163          		{
    164          			return	FlshMaxRec;
   \   00000010   0x0018             MOVS     R0,R3
   \   00000012   0xE006             B.N      ??GetReadFlshRecCnt_2
    165          		}
    166          		
    167          		return	ZoneMaxRecNum;
   \                     ??GetReadFlshRecCnt_1: (+1)
   \   00000014   0x0008             MOVS     R0,R1
   \   00000016   0xE004             B.N      ??GetReadFlshRecCnt_2
    168          	}
    169          	else
    170          	{
    171          		if(NoReadRecNum > FlshMaxRec)
   \                     ??GetReadFlshRecCnt_0: (+1)
   \   00000018   0x4293             CMP      R3,R2
   \   0000001A   0xD201             BCS.N    ??GetReadFlshRecCnt_3
    172          		{
    173          			return	FlshMaxRec;
   \   0000001C   0x0018             MOVS     R0,R3
   \   0000001E   0xE000             B.N      ??GetReadFlshRecCnt_2
    174          		}
    175                  
    176          		return	NoReadRecNum;
   \                     ??GetReadFlshRecCnt_3: (+1)
   \   00000020   0x0010             MOVS     R0,R2
   \                     ??GetReadFlshRecCnt_2: (+1)
   \   00000022   0x4770             BX       LR               ;; return
    177          	}
    178          }
    179          

   \                                 In section .data, align 1
    180          uint8_t	l_UnFihCardEvtFlg = NO_ERROR;
   \                     l_UnFihCardEvtFlg:
   \   00000000   0x01               DC8 1
    181          //uint8_t	l_WriteFlgErrCardEvtFlg = NO_ERROR;
    182          
    183          void	DataDensityCard(stcCardFlg *	sCardFlg);
    184          

   \                                 In section .bss, align 4
    185          stcDeviceInfo 	sDeviceInfo;
   \                     sDeviceInfo:
   \   00000000                      DS8 40

   \                                 In section .bss, align 4
    186          stcFixInfo		sFixInfo;						
   \                     sFixInfo:
   \   00000000                      DS8 28

   \                                 In section .bss, align 4
    187          stcCardIndex	sCardIndex;
   \                     sCardIndex:
   \   00000000                      DS8 32

   \                                 In section .bss, align 4
    188          uint8			CardBuf[1024];
   \                     CardBuf:
   \   00000000                      DS8 1024
    189          

   \                                 In section .text, align 2, keep-with-next
    190          void	DataCard(uint8_t copyflg)
    191          {
   \                     DataCard: (+1)
   \   00000000   0xE92D 0x4FF1      PUSH     {R0,R4-R11,LR}
   \   00000004   0xB08C             SUB      SP,SP,#+48
    192          	uint32		FlshRecCnt;	
    193          	uint32		FlshStartRecNum;
    194          //	uint32		CardEndAddr;
    195          	uint32		CardStartAddr;
    196          	uint32		CardMaxRecNum;
    197          	uint32		NoReadRecNum;
    198          	uint16		WriteCardTimes;
    199          	uint32 		CardAddrTmp;
    200              uint32      storeCardRead;
    201          
    202          	//计算地址
    203          	CardAddrTmp = 	CARD_FLG_ADDR+
    204                              sizeof(stcCardID)+
    205                              sizeof(stcCardType)+
    206                              sizeof(stcCardPara)+
    207          					sizeof(stcCardIndex)*100;
   \   00000006   0xF640 0x505C      MOVW     R0,#+3420
   \   0000000A   0x9001             STR      R0,[SP, #+4]
    208          	
    209          	//读取已有IC卡文件数
    210          	ReadCard(CardAddrTmp,(uint8 *)&WriteCardTimes,sizeof(WriteCardTimes));	
   \   0000000C   0x2202             MOVS     R2,#+2
   \   0000000E   0x4669             MOV      R1,SP
   \   00000010   0x9801             LDR      R0,[SP, #+4]
   \   00000012   0x.... 0x....      BL       ReadCard
    211              
    212          	//计算数据文件开始地址。
    213          	if(WriteCardTimes == 0 || WriteCardTimes >= 100 )
   \   00000016   0xF8BD 0x0000      LDRH     R0,[SP, #+0]
   \   0000001A   0x2800             CMP      R0,#+0
   \   0000001C   0xD003             BEQ.N    ??DataCard_0
   \   0000001E   0xF8BD 0x0000      LDRH     R0,[SP, #+0]
   \   00000022   0x2864             CMP      R0,#+100
   \   00000024   0xDB0A             BLT.N    ??DataCard_1
    214          	{
    215          		CardStartAddr = CARD_DATA_ADDR;
   \                     ??DataCard_0: (+1)
   \   00000026   0xF44F 0x50A0      MOV      R0,#+5120
   \   0000002A   0x0004             MOVS     R4,R0
    216          		if(WriteCardTimes > 100)
   \   0000002C   0xF8BD 0x0000      LDRH     R0,[SP, #+0]
   \   00000030   0x2865             CMP      R0,#+101
   \   00000032   0xDB16             BLT.N    ??DataCard_2
    217          			WriteCardTimes = 0;
   \   00000034   0x2000             MOVS     R0,#+0
   \   00000036   0xF8AD 0x0000      STRH     R0,[SP, #+0]
   \   0000003A   0xE012             B.N      ??DataCard_2
    218          	}
    219          	else
    220          	{
    221          		CardAddrTmp = 	CARD_FLG_ADDR+
    222                                  sizeof(stcCardID)+
    223                                  sizeof(stcCardType)+
    224                                  sizeof(stcCardPara)+
    225          						sizeof(stcCardIndex)*(WriteCardTimes-1);
   \                     ??DataCard_1: (+1)
   \   0000003C   0xF8BD 0x0000      LDRH     R0,[SP, #+0]
   \   00000040   0x0140             LSLS     R0,R0,#+5
   \   00000042   0x30BC             ADDS     R0,R0,#+188
   \   00000044   0x9001             STR      R0,[SP, #+4]
    226          		
    227          		ReadCard(CardAddrTmp,(uint8 *)&sCardIndex,sizeof(stcCardIndex));
   \   00000046   0x2220             MOVS     R2,#+32
   \   00000048   0x....             LDR.N    R1,??DataTable2_1
   \   0000004A   0x9801             LDR      R0,[SP, #+4]
   \   0000004C   0x.... 0x....      BL       ReadCard
    228                  
    229          		CardStartAddr 	= sCardIndex.EndAddr;
   \   00000050   0x....             LDR.N    R0,??DataTable2_1
   \   00000052   0x6980             LDR      R0,[R0, #+24]
   \   00000054   0x0004             MOVS     R4,R0
    230          		
    231          		if(CardStartAddr < CARD_DATA_ADDR)
   \   00000056   0xF5B4 0x5FA0      CMP      R4,#+5120
   \   0000005A   0xD202             BCS.N    ??DataCard_2
    232          		{
    233          			CardStartAddr = CARD_DATA_ADDR;
   \   0000005C   0xF44F 0x50A0      MOV      R0,#+5120
   \   00000060   0x0004             MOVS     R4,R0
    234          		}
    235          	}
    236              
    237          	//计算写卡索引地址
    238          	CardAddrTmp = 	CARD_FLG_ADDR+
    239                              sizeof(stcCardID)+
    240                              sizeof(stcCardType)+
    241                              sizeof(stcCardPara)+
    242          					sizeof(stcCardIndex)*WriteCardTimes;
   \                     ??DataCard_2: (+1)
   \   00000062   0xF8BD 0x0000      LDRH     R0,[SP, #+0]
   \   00000066   0x0140             LSLS     R0,R0,#+5
   \   00000068   0x30DC             ADDS     R0,R0,#+220
   \   0000006A   0x9001             STR      R0,[SP, #+4]
    243              
    244          	ReadCard(CardAddrTmp,(uint8 *)&sCardIndex,sizeof(stcCardIndex));
   \   0000006C   0x2220             MOVS     R2,#+32
   \   0000006E   0x....             LDR.N    R1,??DataTable2_1
   \   00000070   0x9801             LDR      R0,[SP, #+4]
   \   00000072   0x.... 0x....      BL       ReadCard
    245              
    246              
    247          	//计算记录条数
    248          	if(sCtrl.sRecNumMgr.IcRead >= sCtrl.sRecNumMgr.CardRead)	
   \   00000076   0x....             LDR.N    R0,??DataTable2_2
   \   00000078   0x6880             LDR      R0,[R0, #+8]
   \   0000007A   0x....             LDR.N    R1,??DataTable2_2
   \   0000007C   0x6909             LDR      R1,[R1, #+16]
   \   0000007E   0x4288             CMP      R0,R1
   \   00000080   0xD322             BCC.N    ??DataCard_3
    249          	{
    250          		NoReadRecNum	= 		sCtrl.sRecNumMgr.IcRead -
    251                                       	sCtrl.sRecNumMgr.CardRead;  //Flsh的未读记录长度
   \   00000082   0x....             LDR.N    R0,??DataTable2_2
   \   00000084   0x6880             LDR      R0,[R0, #+8]
   \   00000086   0x....             LDR.N    R1,??DataTable2_2
   \   00000088   0x6909             LDR      R1,[R1, #+16]
   \   0000008A   0x1A40             SUBS     R0,R0,R1
   \   0000008C   0x9004             STR      R0,[SP, #+16]
    252                  
    253          		if(copyflg == 1)
   \   0000008E   0xF89D 0x0030      LDRB     R0,[SP, #+48]
   \   00000092   0x2801             CMP      R0,#+1
   \   00000094   0xD102             BNE.N    ??DataCard_4
    254          			NoReadRecNum = sCtrl.sRecNumMgr.IcRead;			//copy卡
   \   00000096   0x....             LDR.N    R0,??DataTable2_2
   \   00000098   0x6880             LDR      R0,[R0, #+8]
   \   0000009A   0x9004             STR      R0,[SP, #+16]
    255                  
    256                  if(NoReadRecNum < 2)                                //没有新数据记录
   \                     ??DataCard_4: (+1)
   \   0000009C   0x9804             LDR      R0,[SP, #+16]
   \   0000009E   0x2802             CMP      R0,#+2
   \   000000A0   0xD209             BCS.N    ??DataCard_5
    257                  {
    258                      sCtrl.sRunPara.CardType     = DATA_CARD_ERR;    //指示卡错误
   \   000000A2   0xF44F 0x4000      MOV      R0,#+32768
   \   000000A6   0x....             LDR.N    R1,??DataTable2_2
   \   000000A8   0xF8C1 0x00B0      STR      R0,[R1, #+176]
    259                      sCtrl.sRunPara.CardErrData  = 0x04;             //模块无新数据记录
   \   000000AC   0x2004             MOVS     R0,#+4
   \   000000AE   0x....             LDR.N    R1,??DataTable2_2
   \   000000B0   0xF881 0x00B4      STRB     R0,[R1, #+180]
    260                      return;
   \   000000B4   0xE0D6             B.N      ??DataCard_6
    261                  }
    262          	}
    263          	else
    264          	{
    265          		sCtrl.sRecNumMgr.CardRead = sCtrl.sRecNumMgr.IcRead;	//序号异常，重新幅值
    266          		NoReadRecNum = 0;
    267                  
    268                  sCtrl.sRunPara.CardType     = DATA_CARD_ERR;    //指示卡错误
    269                  sCtrl.sRunPara.CardErrData  = 0x02;             //记录序号错误。数据重新存储
    270          		return;
    271          	}
    272              
    273          	//取IC卡未写空间长度
    274          	CardMaxRecNum	= GetToEndLen(CardStartAddr) / sizeof(stcFlshRec);	
   \                     ??DataCard_5: (+1)
   \   000000B6   0x0020             MOVS     R0,R4
   \   000000B8   0x.... 0x....      BL       GetToEndLen
   \   000000BC   0x09C0             LSRS     R0,R0,#+7
   \   000000BE   0x9005             STR      R0,[SP, #+20]
    275              
    276              //IC卡可写数据长度小于5条，则范围IC卡已满标识，退出卡操作
    277              if(CardMaxRecNum < 5){
   \   000000C0   0x9805             LDR      R0,[SP, #+20]
   \   000000C2   0x2805             CMP      R0,#+5
   \   000000C4   0xD21A             BCS.N    ??DataCard_7
   \   000000C6   0xE00F             B.N      ??DataCard_8
   \                     ??DataCard_3: (+1)
   \   000000C8   0x....             LDR.N    R0,??DataTable2_2
   \   000000CA   0x6880             LDR      R0,[R0, #+8]
   \   000000CC   0x....             LDR.N    R1,??DataTable2_2
   \   000000CE   0x6108             STR      R0,[R1, #+16]
   \   000000D0   0x2000             MOVS     R0,#+0
   \   000000D2   0x9004             STR      R0,[SP, #+16]
   \   000000D4   0xF44F 0x4000      MOV      R0,#+32768
   \   000000D8   0x....             LDR.N    R1,??DataTable2_2
   \   000000DA   0xF8C1 0x00B0      STR      R0,[R1, #+176]
   \   000000DE   0x2002             MOVS     R0,#+2
   \   000000E0   0x....             LDR.N    R1,??DataTable2_2
   \   000000E2   0xF881 0x00B4      STRB     R0,[R1, #+180]
   \   000000E6   0xE0BD             B.N      ??DataCard_6
    278                  sCtrl.sRunPara.CardType     = DATA_CARD_ERR;    //指示卡错误
   \                     ??DataCard_8: (+1)
   \   000000E8   0xF44F 0x4000      MOV      R0,#+32768
   \   000000EC   0x....             LDR.N    R1,??DataTable2_2
   \   000000EE   0xF8C1 0x00B0      STR      R0,[R1, #+176]
    279                  sCtrl.sRunPara.CardErrData  = 0x03;             //IC卡已满 
   \   000000F2   0x2003             MOVS     R0,#+3
   \   000000F4   0x....             LDR.N    R1,??DataTable2_2
   \   000000F6   0xF881 0x00B4      STRB     R0,[R1, #+180]
    280                  return;
   \   000000FA   0xE0B3             B.N      ??DataCard_6
    281              }
    282          	//要写数据长度，根据空检大小，剩余记录号，IC卡余量计算。	
    283          	FlshRecCnt 		= GetReadFlshRecCnt(NoReadRecNum,CardMaxRecNum);	
   \                     ??DataCard_7: (+1)
   \   000000FC   0x9905             LDR      R1,[SP, #+20]
   \   000000FE   0x9804             LDR      R0,[SP, #+16]
   \   00000100   0x.... 0x....      BL       GetReadFlshRecCnt
   \   00000104   0x9006             STR      R0,[SP, #+24]
    284              
    285          	//计算开始记录号
    286          	FlshStartRecNum = sCtrl.sRecNumMgr.IcRead  - FlshRecCnt ;
   \   00000106   0x....             LDR.N    R0,??DataTable2_2
   \   00000108   0x6880             LDR      R0,[R0, #+8]
   \   0000010A   0x9906             LDR      R1,[SP, #+24]
   \   0000010C   0x1A40             SUBS     R0,R0,R1
   \   0000010E   0x0005             MOVS     R5,R0
    287              storeCardRead   = sCtrl.sRecNumMgr.IcRead;
   \   00000110   0x....             LDR.N    R0,??DataTable2_2
   \   00000112   0x6880             LDR      R0,[R0, #+8]
   \   00000114   0x9008             STR      R0,[SP, #+32]
    288              /********************************************
    289              *	开始写数据
    290              */
    291          	uint32      MaxWriteLen;							//最大要写卡长度
    292          	uint32      FinishLen = 0;							//已写长度
   \   00000116   0x2700             MOVS     R7,#+0
    293          	uint32      WritePageLen;	
    294          	uint32      NextRecCardAddr;
    295          	uint32      BufWriteLen = 0;
   \   00000118   0x2600             MOVS     R6,#+0
    296              
    297          	MaxWriteLen = FlshRecCnt * sizeof(stcFlshRec);				//总数据长度			
   \   0000011A   0x9806             LDR      R0,[SP, #+24]
   \   0000011C   0x2180             MOVS     R1,#+128
   \   0000011E   0x4348             MULS     R0,R1,R0
   \   00000120   0x9002             STR      R0,[SP, #+8]
    298              
    299          	BufWriteLen = 0;
   \   00000122   0x2000             MOVS     R0,#+0
   \   00000124   0x0006             MOVS     R6,R0
    300              int writepagetimes = 0;
   \   00000126   0xF05F 0x0800      MOVS     R8,#+0
    301          	while( FinishLen < MaxWriteLen)								//写完退出
   \                     ??DataCard_9: (+1)
   \   0000012A   0x9802             LDR      R0,[SP, #+8]
   \   0000012C   0x4287             CMP      R7,R0
   \   0000012E   0xD250             BCS.N    ??DataCard_10
    302          	{
    303          		ReadFlshRec((stcFlshRec *)&sCtrl.sRec,FlshStartRecNum++);//从flash中读出数据
   \   00000130   0x0029             MOVS     R1,R5
   \   00000132   0x....             LDR.N    R0,??DataTable2_3
   \   00000134   0x.... 0x....      BL       ReadFlshRec
   \   00000138   0x1C6D             ADDS     R5,R5,#+1
    304                  
    305                  if(sCtrl.sRec.StoreCnt == 0xffffffff)
   \   0000013A   0x....             LDR.N    R0,??DataTable2_2
   \   0000013C   0x6A00             LDR      R0,[R0, #+32]
   \   0000013E   0xF110 0x0F01      CMN      R0,#+1
   \   00000142   0xD101             BNE.N    ??DataCard_11
    306                     sCtrl.sRec.StoreCnt  =  FlshStartRecNum;
   \   00000144   0x....             LDR.N    R0,??DataTable2_2
   \   00000146   0x6205             STR      R5,[R0, #+32]
    307                  
    308          		WritePageLen = GetWritePageLen(	CardStartAddr,			//开始地址
    309                                                  FinishLen,				//已完成长度
    310                                                  MaxWriteLen);			//最大数据长度
   \                     ??DataCard_11: (+1)
   \   00000148   0x9A02             LDR      R2,[SP, #+8]
   \   0000014A   0x0039             MOVS     R1,R7
   \   0000014C   0x0020             MOVS     R0,R4
   \   0000014E   0x.... 0x....      BL       GetWritePageLen
   \   00000152   0x9003             STR      R0,[SP, #+12]
    311                  
    312          		memcpy(&CardBuf[BufWriteLen],(uint8_t *)&sCtrl.sRec,sizeof(stcFlshRec));
   \   00000154   0xF05F 0x0980      MOVS     R9,#+128
   \   00000158   0x.... 0x....      LDR.W    R10,??DataTable2_3
   \   0000015C   0x....             LDR.N    R0,??DataTable2_4
   \   0000015E   0xEB16 0x0B00      ADDS     R11,R6,R0
   \   00000162   0x464A             MOV      R2,R9
   \   00000164   0x4651             MOV      R1,R10
   \   00000166   0x4658             MOV      R0,R11
   \   00000168   0x.... 0x....      BL       __aeabi_memcpy
    313          		BufWriteLen += sizeof(stcFlshRec);
   \   0000016C   0x3680             ADDS     R6,R6,#+128
    314                  
    315          		if(WritePageLen == BufWriteLen || WritePageLen < BufWriteLen)
   \   0000016E   0x9803             LDR      R0,[SP, #+12]
   \   00000170   0x42B0             CMP      R0,R6
   \   00000172   0xD002             BEQ.N    ??DataCard_12
   \   00000174   0x9803             LDR      R0,[SP, #+12]
   \   00000176   0x42B0             CMP      R0,R6
   \   00000178   0xD2D7             BCS.N    ??DataCard_9
    316          		{
    317          			NextRecCardAddr = CardStartAddr + FinishLen;        //IC卡下一地址
   \                     ??DataCard_12: (+1)
   \   0000017A   0x1938             ADDS     R0,R7,R4
   \   0000017C   0x9007             STR      R0,[SP, #+28]
    318                      
    319             			WriteCard(NextRecCardAddr,CardBuf,WritePageLen);    //写卡
   \   0000017E   0x9A03             LDR      R2,[SP, #+12]
   \   00000180   0xB292             UXTH     R2,R2            ;; ZeroExt  R2,R2,#+16,#+16
   \   00000182   0x....             LDR.N    R1,??DataTable2_4
   \   00000184   0x9807             LDR      R0,[SP, #+28]
   \   00000186   0x.... 0x....      BL       WriteCard
    320               		
    321               		FinishLen += WritePageLen;                          //将要完成写长度
   \   0000018A   0x9803             LDR      R0,[SP, #+12]
   \   0000018C   0x19C7             ADDS     R7,R0,R7
    322                      
    323          			BufWriteLen = 0;
   \   0000018E   0x2000             MOVS     R0,#+0
   \   00000190   0x0006             MOVS     R6,R0
    324                      
    325          			sCtrl.sRunPara.CardType = DATA_CARD_DIS;            //IC卡指示
   \   00000192   0xF45F 0x3080      MOVS     R0,#+65536
   \   00000196   0x....             LDR.N    R1,??DataTable2_2
   \   00000198   0xF8C1 0x00B0      STR      R0,[R1, #+176]
    326                      
    327                      writepagetimes++;
   \   0000019C   0xF118 0x0801      ADDS     R8,R8,#+1
    328                      if(writepagetimes %20 == 0){
   \   000001A0   0x2014             MOVS     R0,#+20
   \   000001A2   0xFB98 0xF1F0      SDIV     R1,R8,R0
   \   000001A6   0xFB00 0x8011      MLS      R0,R0,R1,R8
   \   000001AA   0x2800             CMP      R0,#+0
   \   000001AC   0xD10C             BNE.N    ??DataCard_13
    329                      //
    330                          OS_ERR  os_err;
    331                          BSP_LED_Toggle(7);
   \   000001AE   0x2007             MOVS     R0,#+7
   \   000001B0   0x.... 0x....      BL       BSP_LED_Toggle
    332                          BSP_LED_Toggle(8);
   \   000001B4   0x2008             MOVS     R0,#+8
   \   000001B6   0x.... 0x....      BL       BSP_LED_Toggle
    333          
    334                          OSFlagPost( ( OS_FLAG_GRP  *)&sCtrl.Os.CommEvtFlagGrp,
    335                                     ( OS_FLAGS      )COMM_EVT_FLAG_PLUG_CARD,
    336                                     ( OS_OPT        )OS_OPT_POST_FLAG_SET,
    337                                     ( OS_ERR       *)&os_err);
   \   000001BA   0xF10D 0x0302      ADD      R3,SP,#+2
   \   000001BE   0x2200             MOVS     R2,#+0
   \   000001C0   0x2140             MOVS     R1,#+64
   \   000001C2   0x....             LDR.N    R0,??DataTable2_5
   \   000001C4   0x.... 0x....      BL       OSFlagPost
    338          
    339                      }
    340                      //没有ic卡也要退出
    341                      //if(sCtrl.sRunPara.plugcard == 0)                    //
    342                      if(ReadIC_SWT() == 0)
   \                     ??DataCard_13: (+1)
   \   000001C8   0x.... 0x....      BL       ReadIC_SWT
   \   000001CC   0x2800             CMP      R0,#+0
   \   000001CE   0xD1AC             BNE.N    ??DataCard_9
    343                          return;
   \   000001D0   0xE048             B.N      ??DataCard_6
    344          		}
    345          	}
    346              
    347          	/********************************************
    348          	*	 IC卡完成，修改索引页
    349          	*/
    350              //sCardIndex.LocoNum      = sCtrl.sRec.LocoNum;
    351              memcpy((uint8 *)&sCardIndex.LocoNum,(uint8 *)&sCtrl.sRec.LocoNum,sizeof(sCardIndex.LocoNum));
   \                     ??DataCard_10: (+1)
   \   000001D2   0x2002             MOVS     R0,#+2
   \   000001D4   0x900A             STR      R0,[SP, #+40]
   \   000001D6   0x....             LDR.N    R0,??DataTable2_6
   \   000001D8   0x9009             STR      R0,[SP, #+36]
   \   000001DA   0x.... 0x....      LDR.W    R9,??DataTable2_7
   \   000001DE   0x9A0A             LDR      R2,[SP, #+40]
   \   000001E0   0x9909             LDR      R1,[SP, #+36]
   \   000001E2   0x4648             MOV      R0,R9
   \   000001E4   0x.... 0x....      BL       __aeabi_memcpy
    352              //sCardIndex.LocoType     = sCtrl.sRec.LocoTyp;
    353              memcpy((uint8 *)&sCardIndex.LocoType,(uint8 *)&sCtrl.sRec.LocoTyp,sizeof(sCtrl.sRec.LocoTyp));
   \   000001E8   0xF05F 0x0901      MOVS     R9,#+1
   \   000001EC   0x.... 0x....      LDR.W    R10,??DataTable2_8
   \   000001F0   0x.... 0x....      LDR.W    R11,??DataTable2_1
   \   000001F4   0x464A             MOV      R2,R9
   \   000001F6   0x4651             MOV      R1,R10
   \   000001F8   0x4658             MOV      R0,R11
   \   000001FA   0x.... 0x....      BL       __aeabi_memcpy
    354          
    355          	sCardIndex.StartAddr	    = CardStartAddr;
   \   000001FE   0x....             LDR.N    R0,??DataTable2_1
   \   00000200   0x6144             STR      R4,[R0, #+20]
    356          	sCardIndex.EndAddr 		    = CardStartAddr + MaxWriteLen;
   \   00000202   0x9802             LDR      R0,[SP, #+8]
   \   00000204   0x1900             ADDS     R0,R0,R4
   \   00000206   0x....             LDR.N    R1,??DataTable2_1
   \   00000208   0x6188             STR      R0,[R1, #+24]
    357          	sCardIndex.RecLen		    = MaxWriteLen;
   \   0000020A   0x9802             LDR      R0,[SP, #+8]
   \   0000020C   0x....             LDR.N    R1,??DataTable2_1
   \   0000020E   0x8388             STRH     R0,[R1, #+28]
    358          	sCardIndex.RecNum		    = MaxWriteLen/(sizeof(stcFlshRec));
   \   00000210   0x9802             LDR      R0,[SP, #+8]
   \   00000212   0x09C0             LSRS     R0,R0,#+7
   \   00000214   0x....             LDR.N    R1,??DataTable2_1
   \   00000216   0x83C8             STRH     R0,[R1, #+30]
    359          	WriteCardTimes++;									
   \   00000218   0xF8BD 0x0000      LDRH     R0,[SP, #+0]
   \   0000021C   0x1C40             ADDS     R0,R0,#+1
   \   0000021E   0xF8AD 0x0000      STRH     R0,[SP, #+0]
    360                  
    361          	CardAddrTmp =	CARD_FLG_ADDR+
    362                              sizeof(stcCardID)+
    363                              sizeof(stcCardType)+
    364                              sizeof(stcCardPara)+
    365          					sizeof(stcCardIndex)*100; 
   \   00000222   0xF640 0x505C      MOVW     R0,#+3420
   \   00000226   0x9001             STR      R0,[SP, #+4]
    366          	
    367          	WriteCard(CardAddrTmp,(uint8 *)&WriteCardTimes,sizeof(WriteCardTimes));	
   \   00000228   0x2202             MOVS     R2,#+2
   \   0000022A   0x4669             MOV      R1,SP
   \   0000022C   0x9801             LDR      R0,[SP, #+4]
   \   0000022E   0x.... 0x....      BL       WriteCard
    368              
    369          	CardAddrTmp = 	CARD_FLG_ADDR+
    370                              sizeof(stcCardID)+
    371                              sizeof(stcCardType)+
    372                              sizeof(stcCardPara)+
    373          					sizeof(stcCardIndex)*(WriteCardTimes-1);
   \   00000232   0xF8BD 0x0000      LDRH     R0,[SP, #+0]
   \   00000236   0x0140             LSLS     R0,R0,#+5
   \   00000238   0x30BC             ADDS     R0,R0,#+188
   \   0000023A   0x9001             STR      R0,[SP, #+4]
    374          	
    375          	WriteCard(CardAddrTmp,(uint8_t *)&sCardIndex,sizeof(stcCardIndex));
   \   0000023C   0x2220             MOVS     R2,#+32
   \   0000023E   0x....             LDR.N    R1,??DataTable2_1
   \   00000240   0x9801             LDR      R0,[SP, #+4]
   \   00000242   0x.... 0x....      BL       WriteCard
    376              
    377          	if(copyflg == 0)
   \   00000246   0xF89D 0x0030      LDRB     R0,[SP, #+48]
   \   0000024A   0x2800             CMP      R0,#+0
   \   0000024C   0xD105             BNE.N    ??DataCard_14
    378          	{
    379                  //sCtrl.sRecNumMgr.CardRead   = sCtrl.sRecNumMgr.GrsRead; //已读记录号
    380                  sCtrl.sRecNumMgr.CardRead   = storeCardRead; //已读记录号
   \   0000024E   0x9808             LDR      R0,[SP, #+32]
   \   00000250   0x....             LDR.N    R1,??DataTable2_2
   \   00000252   0x6108             STR      R0,[R1, #+16]
    381                  
    382          		FRAM_StoreRecNumMgr((StrRecNumMgr * )&sCtrl.sRecNumMgr);
   \   00000254   0x....             LDR.N    R0,??DataTable2_9
   \   00000256   0x.... 0x....      BL       FRAM_StoreRecNumMgr
    383          	}
    384          	
    385          	sCtrl.sRunPara.CardType = DATA_CARD_FIN;					//IC卡结束
   \                     ??DataCard_14: (+1)
   \   0000025A   0xF45F 0x3000      MOVS     R0,#+131072
   \   0000025E   0x....             LDR.N    R1,??DataTable2_2
   \   00000260   0xF8C1 0x00B0      STR      R0,[R1, #+176]
    386          } 
   \                     ??DataCard_6: (+1)
   \   00000264   0xB00D             ADD      SP,SP,#+52
   \   00000266   0xE8BD 0x8FF0      POP      {R4-R11,PC}      ;; return
    387          uint32  GetRecNumAddr(uint32 FlshRecNum);
    388          uint8 ReadFlsh(uint32 Addr,uint8 *buf,uint32 Len);
    389          
    390          
    391          ////-------------------------------------------------------------------------------
    392          ////oˉêy??3?:        	stcFlshRec	ReadFlshRec(uint32	FlshRecNum)
    393          ////oˉêy1|?ü:       	?á???¨á÷??o?μ?FLSH????
    394          ////è??ú2?êy:        	?T
    395          ////3??ú2?êy:      	???¨á÷??o?μ?Flsh????
    396          ////-------------------------------------------------------------------------------

   \                                 In section .text, align 2, keep-with-next
    397          uint8	ReadFlshRec(stcFlshRec * sFlshRec,uint32	FlshRecNum)
    398          {
   \                     ReadFlshRec: (+1)
   \   00000000   0xB570             PUSH     {R4-R6,LR}
   \   00000002   0x0004             MOVS     R4,R0
   \   00000004   0x000D             MOVS     R5,R1
    399          	uint32		FlshAddr;
    400          	
    401              if(FlshRecNum==0xffffffff)      //记录号异常，退出
   \   00000006   0xF115 0x0F01      CMN      R5,#+1
   \   0000000A   0xD101             BNE.N    ??ReadFlshRec_0
    402                  return 0;
   \   0000000C   0x2000             MOVS     R0,#+0
   \   0000000E   0xE00D             B.N      ??ReadFlshRec_1
    403              
    404          	FlshAddr = GetRecNumAddr( FlshRecNum );						
   \                     ??ReadFlshRec_0: (+1)
   \   00000010   0x0028             MOVS     R0,R5
   \   00000012   0x.... 0x....      BL       GetRecNumAddr
   \   00000016   0x0006             MOVS     R6,R0
    405              
    406          	if(ReadFlsh(FlshAddr,(uint8 *)sFlshRec,sizeof(stcFlshRec)))
   \   00000018   0x2280             MOVS     R2,#+128
   \   0000001A   0x0021             MOVS     R1,R4
   \   0000001C   0x0030             MOVS     R0,R6
   \   0000001E   0x.... 0x....      BL       ReadFlsh
   \   00000022   0x2800             CMP      R0,#+0
   \   00000024   0xD001             BEQ.N    ??ReadFlshRec_2
    407          	{
    408          		return 1;
   \   00000026   0x2001             MOVS     R0,#+1
   \   00000028   0xE000             B.N      ??ReadFlshRec_1
    409          	}
    410          	
    411          	return	0;
   \                     ??ReadFlshRec_2: (+1)
   \   0000002A   0x2000             MOVS     R0,#+0
   \                     ??ReadFlshRec_1: (+1)
   \   0000002C   0xBD70             POP      {R4-R6,PC}       ;; return
    412          }
    413          
    414          
    415          extern  stcCardFlg	l_sCardFlg;
    416          extern	uint16	l_CardType;
    417          
    418          extern	uint32_t		l_CardPageSize;	
    419          extern	uint32_t		l_CardPageNum;
    420          //-------------------------------------------------------------------------------------------------
    421          //函数名称:             uint32_t	GetCardMaxRecNum(void)
    422          //函数功能:             取一张IC卡最大能存最大的数据记录数
    423          //入口参数:             整个卡结构体
    424          //出口参数:             是否成功
    425          //--------------------------------------------------------------------------------------------------

   \                                 In section .text, align 2, keep-with-next
    426          uint32_t	GetCardMaxRecNum(void)
    427          {
    428          	uint32_t	RecNum;
    429          	
    430          	RecNum = (l_CardPageNum*l_CardPageSize - CARD_DATA_ADDR)/ sizeof(stcFlshRec);
   \                     GetCardMaxRecNum: (+1)
   \   00000000   0x....             LDR.N    R1,??DataTable2_10
   \   00000002   0x6809             LDR      R1,[R1, #+0]
   \   00000004   0x....             LDR.N    R2,??DataTable2_11
   \   00000006   0x6812             LDR      R2,[R2, #+0]
   \   00000008   0x4351             MULS     R1,R2,R1
   \   0000000A   0xF5B1 0x51A0      SUBS     R1,R1,#+5120
   \   0000000E   0x09C9             LSRS     R1,R1,#+7
   \   00000010   0x0008             MOVS     R0,R1
    431          	
    432          	return	RecNum;
   \   00000012   0x4770             BX       LR               ;; return
    433          }

   \                                 In section .text, align 4, keep-with-next
   \                     ??DataTable2:
   \   00000000   0x........         DC32     ?_0

   \                                 In section .text, align 4, keep-with-next
   \                     ??DataTable2_1:
   \   00000000   0x........         DC32     sCardIndex

   \                                 In section .text, align 4, keep-with-next
   \                     ??DataTable2_2:
   \   00000000   0x........         DC32     sCtrl

   \                                 In section .text, align 4, keep-with-next
   \                     ??DataTable2_3:
   \   00000000   0x........         DC32     sCtrl+0x20

   \                                 In section .text, align 4, keep-with-next
   \                     ??DataTable2_4:
   \   00000000   0x........         DC32     CardBuf

   \                                 In section .text, align 4, keep-with-next
   \                     ??DataTable2_5:
   \   00000000   0x........         DC32     sCtrl+0x249

   \                                 In section .text, align 4, keep-with-next
   \                     ??DataTable2_6:
   \   00000000   0x........         DC32     sCtrl+0x2E

   \                                 In section .text, align 4, keep-with-next
   \                     ??DataTable2_7:
   \   00000000   0x........         DC32     sCardIndex+0x2

   \                                 In section .text, align 4, keep-with-next
   \                     ??DataTable2_8:
   \   00000000   0x........         DC32     sCtrl+0x2C

   \                                 In section .text, align 4, keep-with-next
   \                     ??DataTable2_9:
   \   00000000   0x........         DC32     sCtrl+0x4

   \                                 In section .text, align 4, keep-with-next
   \                     ??DataTable2_10:
   \   00000000   0x........         DC32     l_CardPageNum

   \                                 In section .text, align 4, keep-with-next
   \                     ??DataTable2_11:
   \   00000000   0x........         DC32     l_CardPageSize

   \                                 In section .rodata, align 4
   \                     ?_0:
   \   00000000   0x25 0x75          DC8 "%u  %u"
   \              0x20 0x20    
   \              0x25 0x75    
   \              0x00         
   \   00000007   0x00               DC8 0

   Maximum stack usage in bytes:

   .cstack Function
   ------- --------
      88   DataCard
        88   -> BSP_LED_Toggle
        88   -> FRAM_StoreRecNumMgr
        88   -> GetReadFlshRecCnt
        88   -> GetToEndLen
        88   -> GetWritePageLen
        88   -> OSFlagPost
        88   -> ReadCard
        88   -> ReadFlshRec
        88   -> ReadIC_SWT
        88   -> WriteCard
        88   -> __aeabi_memcpy
     160   FlshRecToCardRec
       160   -> __aeabi_memcpy
       160   -> __aeabi_memcpy4
       0   GetCardMaxRecNum
       0   GetReadFlshRecCnt
      32   GetWritePageLen
        32   -> GetCardPageSize
      16   ReadCardDisplay
        16   -> DisplaySet
      16   ReadFlshRec
        16   -> GetRecNumAddr
        16   -> ReadFlsh
    1208   StoreCardRec
      1208   -> GetPlugFlg
      1208   -> GetWritePageLen
      1208   -> ReadCardDisplay
      1208   -> ReadFlshRec
      1208   -> WriteCard
      1208   -> __aeabi_memcpy


   Section sizes:

   Bytes  Function/Label
   -----  --------------
       4  ??DataTable2
       4  ??DataTable2_1
       4  ??DataTable2_10
       4  ??DataTable2_11
       4  ??DataTable2_2
       4  ??DataTable2_3
       4  ??DataTable2_4
       4  ??DataTable2_5
       4  ??DataTable2_6
       4  ??DataTable2_7
       4  ??DataTable2_8
       4  ??DataTable2_9
       8  ?_0
    1024  CardBuf
     618  DataCard
      42  FlshRecToCardRec
      20  GetCardMaxRecNum
      36  GetReadFlshRecCnt
      48  GetWritePageLen
      42  ReadCardDisplay
      46  ReadFlshRec
     152  StoreCardRec
       1  l_UnFihCardEvtFlg
      32  sCardIndex
      40  sDeviceInfo
      28  sFixInfo

 
 1 124 bytes in section .bss
     1 byte  in section .data
     8 bytes in section .rodata
 1 052 bytes in section .text
 
 1 052 bytes of CODE  memory
     8 bytes of CONST memory
 1 125 bytes of DATA  memory

Errors: none
Warnings: 1
